[2020-10-08T21:18:41.186] [DEBUG] cheese - login => username:admin,password:123456
[2020-10-08T21:18:41.190] [DEBUG] cheese - admin
[2020-10-08T21:18:41.234] [DEBUG] cheese - null
[2020-10-08T21:18:41.234] [DEBUG] cheese - null
[2020-10-08T21:18:47.170] [DEBUG] cheese - login => username:admin,password:123456
[2020-10-08T21:18:47.170] [DEBUG] cheese - admin
[2020-10-08T21:18:47.172] [DEBUG] cheese - null
[2020-10-08T21:18:47.173] [DEBUG] cheese - null
[2020-10-08T21:21:00.983] [DEBUG] cheese - login => username:admin,password:123456
[2020-10-08T21:21:00.984] [DEBUG] cheese - admin
[2020-10-08T21:21:00.985] [DEBUG] cheese - null
[2020-10-08T21:21:00.985] [DEBUG] cheese - null
[2020-10-08T21:21:01.916] [DEBUG] cheese - login => username:admin,password:123456
[2020-10-08T21:21:01.916] [DEBUG] cheese - admin
[2020-10-08T21:21:01.917] [DEBUG] cheese - null
[2020-10-08T21:21:01.918] [DEBUG] cheese - null
[2020-10-08T21:22:24.391] [DEBUG] cheese - login => username:admin,password:123456
[2020-10-08T21:22:24.391] [DEBUG] cheese - admin
[2020-10-08T21:22:24.393] [DEBUG] cheese - null
[2020-10-08T21:22:24.394] [DEBUG] cheese - null
[2020-10-08T21:33:20.826] [DEBUG] cheese - login => username:admin,password:123456
[2020-10-08T21:33:20.826] [DEBUG] cheese - admin
[2020-10-08T21:33:20.828] [DEBUG] cheese - null
[2020-10-08T21:33:20.828] [DEBUG] cheese - null
[2020-10-08T21:48:50.316] [DEBUG] cheese - login => username:admin,password:123456
[2020-10-08T21:48:50.317] [DEBUG] cheese - admin
[2020-10-08T21:48:50.320] [DEBUG] cheese - null
[2020-10-08T21:48:50.320] [DEBUG] cheese - null
[2020-10-08T21:52:37.667] [DEBUG] cheese - login => username:admin,password:123456
[2020-10-08T21:52:37.667] [DEBUG] cheese - admin
[2020-10-08T21:52:37.669] [DEBUG] cheese - null
[2020-10-08T21:52:37.669] [DEBUG] cheese - null
[2020-10-08T22:16:26.569] [DEBUG] cheese - login => username:admin,password:123456
[2020-10-08T22:16:26.569] [DEBUG] cheese - admin
[2020-10-08T22:16:26.570] [DEBUG] cheese - null
[2020-10-08T22:16:26.571] [DEBUG] cheese - null
[2020-10-08T22:16:40.767] [DEBUG] cheese - login => username:admin,password:123456
[2020-10-08T22:16:40.767] [DEBUG] cheese - admin
[2020-10-08T22:16:40.769] [DEBUG] cheese - null
[2020-10-08T22:16:40.769] [DEBUG] cheese - null
[2020-10-08T22:21:01.230] [DEBUG] cheese - login => username:admin,password:123456
[2020-10-08T22:21:01.231] [DEBUG] cheese - admin
[2020-10-08T22:21:01.233] [DEBUG] cheese - null
[2020-10-08T22:21:01.233] [DEBUG] cheese - null
[2020-10-08T22:29:34.359] [DEBUG] cheese - login => username:admin,password:123456
[2020-10-08T22:29:34.359] [DEBUG] cheese - admin
[2020-10-08T22:29:34.361] [DEBUG] cheese - null
[2020-10-08T22:29:34.361] [DEBUG] cheese - null
[2020-10-08T22:30:05.142] [DEBUG] cheese - login => username:admin,password:123456
[2020-10-08T22:30:05.142] [DEBUG] cheese - admin
[2020-10-08T22:30:05.145] [DEBUG] cheese - null
[2020-10-08T22:30:05.145] [DEBUG] cheese - null
[2020-10-08T22:32:59.511] [DEBUG] cheese - login => username:admin,password:123456
[2020-10-08T22:32:59.512] [DEBUG] cheese - admin
[2020-10-08T22:32:59.513] [DEBUG] cheese - null
[2020-10-08T22:32:59.513] [DEBUG] cheese - null
[2020-10-08T22:33:13.382] [DEBUG] cheese - login => username:admin,password:123456
[2020-10-08T22:33:13.382] [DEBUG] cheese - admin
[2020-10-08T22:33:13.385] [DEBUG] cheese - null
[2020-10-08T22:33:13.385] [DEBUG] cheese - null
[2020-10-08T22:33:17.360] [DEBUG] cheese - login => username:admin,password:123456
[2020-10-08T22:33:17.360] [DEBUG] cheese - admin
[2020-10-08T22:33:17.361] [DEBUG] cheese - null
[2020-10-08T22:33:17.361] [DEBUG] cheese - null
[2020-10-08T22:33:20.913] [DEBUG] cheese - login => username:admin,password:123456
[2020-10-08T22:33:20.913] [DEBUG] cheese - admin
[2020-10-08T22:33:20.915] [DEBUG] cheese - null
[2020-10-08T22:33:20.915] [DEBUG] cheese - null
[2020-10-08T22:34:46.522] [DEBUG] cheese - login => username:admin,password:123456
[2020-10-08T22:34:46.522] [DEBUG] cheese - admin
[2020-10-08T22:34:46.523] [DEBUG] cheese - null
[2020-10-08T22:34:46.523] [DEBUG] cheese - null
[2020-10-09T12:47:21.672] [DEBUG] cheese - login => username:admin,password:123456
[2020-10-09T12:47:21.673] [DEBUG] cheese - admin
[2020-10-09T12:47:21.691] [DEBUG] cheese - null
[2020-10-09T12:47:21.692] [DEBUG] cheese - null
[2020-10-09T12:47:48.201] [DEBUG] cheese - login => username:admin,password:123456
[2020-10-09T12:47:48.202] [DEBUG] cheese - admin
[2020-10-09T12:47:48.204] [DEBUG] cheese - null
[2020-10-09T12:47:48.204] [DEBUG] cheese - null
[2020-10-09T12:47:51.012] [DEBUG] cheese - login => username:admin,password:123456
[2020-10-09T12:47:51.013] [DEBUG] cheese - admin
[2020-10-09T12:47:51.015] [DEBUG] cheese - null
[2020-10-09T12:47:51.015] [DEBUG] cheese - null
[2020-10-09T14:44:25.298] [DEBUG] cheese - login => username:admin,password:123456
[2020-10-09T14:44:25.299] [DEBUG] cheese - admin
[2020-10-09T14:44:25.309] [DEBUG] cheese - null
[2020-10-09T14:44:25.310] [DEBUG] cheese - null
[2020-10-09T14:54:37.059] [DEBUG] cheese - login => username:admin,password:123456
[2020-10-09T14:54:37.060] [DEBUG] cheese - admin
[2020-10-09T14:54:37.062] [DEBUG] cheese - null
[2020-10-09T14:54:37.062] [DEBUG] cheese - null
[2020-10-09T14:55:13.564] [DEBUG] cheese - login => username:admin,password:123456
[2020-10-09T14:55:13.564] [DEBUG] cheese - admin
[2020-10-09T14:55:13.565] [DEBUG] cheese - null
[2020-10-09T14:55:13.565] [DEBUG] cheese - null
[2020-10-09T15:43:13.308] [DEBUG] cheese - login => username:admin,password:123456
[2020-10-09T15:43:13.308] [DEBUG] cheese - admin
[2020-10-09T15:43:13.313] [DEBUG] cheese - null
[2020-10-09T15:43:13.314] [DEBUG] cheese - null
[2020-10-09T16:03:53.460] [DEBUG] cheese - login => username:admin,password:123456
[2020-10-09T16:03:53.460] [DEBUG] cheese - admin
[2020-10-09T16:03:53.463] [DEBUG] cheese - null
[2020-10-09T16:03:53.463] [DEBUG] cheese - null
[2020-10-09T16:05:25.048] [DEBUG] cheese - login => username:admin,password:123456
[2020-10-09T16:05:25.048] [DEBUG] cheese - admin
[2020-10-09T16:05:25.049] [DEBUG] cheese - null
[2020-10-09T16:05:25.049] [DEBUG] cheese - null
[2020-10-09T16:28:54.918] [DEBUG] cheese - login => username:admin,password:123456
[2020-10-09T16:28:54.918] [DEBUG] cheese - admin
[2020-10-09T16:28:54.921] [DEBUG] cheese - null
[2020-10-09T16:28:54.921] [DEBUG] cheese - null
[2020-10-10T19:03:07.913] [DEBUG] cheese - login => username:admin,password:123456
[2020-10-10T19:03:07.915] [DEBUG] cheese - admin
[2020-10-10T19:03:07.934] [DEBUG] cheese - null
[2020-10-10T19:03:07.934] [DEBUG] cheese - null
[2020-10-10T19:03:25.939] [DEBUG] cheese - login => username:admin,password:5555
[2020-10-10T19:03:25.939] [DEBUG] cheese - admin
[2020-10-10T19:03:25.941] [DEBUG] cheese - null
[2020-10-10T19:03:25.941] [DEBUG] cheese - null
[2020-10-10T19:03:27.015] [DEBUG] cheese - login => username:admin,password:123456
[2020-10-10T19:03:27.015] [DEBUG] cheese - admin
[2020-10-10T19:03:27.017] [DEBUG] cheese - null
[2020-10-10T19:03:27.017] [DEBUG] cheese - null
[2020-10-10T19:10:34.969] [DEBUG] cheese - login => username:admin,password:123456
[2020-10-10T19:10:34.969] [DEBUG] cheese - admin
[2020-10-10T19:10:34.970] [DEBUG] cheese - null
[2020-10-10T19:10:34.970] [DEBUG] cheese - null
[2020-10-10T21:07:00.947] [DEBUG] cheese - login => username:admin,password:123456
[2020-10-10T21:07:00.948] [DEBUG] cheese - admin
[2020-10-10T21:07:00.955] [DEBUG] cheese - null
[2020-10-10T21:07:00.955] [DEBUG] cheese - null
[2020-10-10T21:28:43.207] [DEBUG] cheese - login => username:admin5555,password:123456
[2020-10-10T21:28:43.207] [DEBUG] cheese - admin5555
[2020-10-10T21:28:43.209] [DEBUG] cheese - null
[2020-10-10T21:28:43.209] [DEBUG] cheese - null
[2020-10-10T21:28:49.522] [DEBUG] cheese - login => username:admin,password:123456
[2020-10-10T21:28:49.523] [DEBUG] cheese - admin
[2020-10-10T21:28:49.524] [DEBUG] cheese - null
[2020-10-10T21:28:49.525] [DEBUG] cheese - null
[2020-10-11T17:20:34.553] [DEBUG] cheese - login => username:admin,password:123456
[2020-10-11T17:20:34.555] [DEBUG] cheese - admin
[2020-10-11T17:20:34.577] [DEBUG] cheese - null
[2020-10-11T17:20:34.577] [DEBUG] cheese - null
[2020-10-12T15:50:06.152] [DEBUG] cheese - login => username:admin,password:123456
[2020-10-12T15:50:06.154] [DEBUG] cheese - admin
[2020-10-12T15:50:06.176] [DEBUG] cheese - null
[2020-10-12T15:50:06.176] [DEBUG] cheese - null
[2020-10-12T15:57:39.289] [DEBUG] cheese - login => username:admin,password:123456
[2020-10-12T15:57:39.289] [DEBUG] cheese - admin
[2020-10-12T15:57:39.292] [DEBUG] cheese - null
[2020-10-12T15:57:39.292] [DEBUG] cheese - null
[2020-10-12T16:39:25.793] [DEBUG] cheese - login => username:admin,password:123456
[2020-10-12T16:39:25.793] [DEBUG] cheese - admin
[2020-10-12T16:39:25.807] [DEBUG] cheese - null
[2020-10-12T16:39:25.807] [DEBUG] cheese - null
[2020-10-12T16:44:49.518] [DEBUG] cheese - login => username:admin,password:123456
[2020-10-12T16:44:49.518] [DEBUG] cheese - admin
[2020-10-12T16:44:49.520] [DEBUG] cheese - null
[2020-10-12T16:44:49.520] [DEBUG] cheese - null
[2020-10-12T16:50:30.273] [DEBUG] cheese - login => username:admin,password:123456
[2020-10-12T16:50:30.273] [DEBUG] cheese - admin
[2020-10-12T16:50:30.275] [DEBUG] cheese - null
[2020-10-12T16:50:30.275] [DEBUG] cheese - null
[2020-10-12T17:07:41.874] [DEBUG] cheese - login => username:admin,password:123456
[2020-10-12T17:07:41.874] [DEBUG] cheese - admin
[2020-10-12T17:07:41.876] [DEBUG] cheese - null
[2020-10-12T17:07:41.876] [DEBUG] cheese - null
[2020-10-12T17:12:31.291] [DEBUG] cheese - login => username:admin,password:123456
[2020-10-12T17:12:31.291] [DEBUG] cheese - admin
[2020-10-12T17:12:31.293] [DEBUG] cheese - null
[2020-10-12T17:12:31.293] [DEBUG] cheese - null
[2020-10-12T18:27:22.111] [DEBUG] cheese - login => username:admin,password:123456
[2020-10-12T18:27:22.111] [DEBUG] cheese - admin
[2020-10-12T18:27:22.115] [DEBUG] cheese - null
[2020-10-12T18:27:22.115] [DEBUG] cheese - null
[2020-10-12T18:41:11.229] [DEBUG] cheese - login => username:admin,password:123456
[2020-10-12T18:41:11.229] [DEBUG] cheese - admin
[2020-10-12T18:41:11.231] [DEBUG] cheese - null
[2020-10-12T18:41:11.231] [DEBUG] cheese - null
[2020-10-12T19:16:09.099] [DEBUG] cheese - login => username:admin,password:123456
[2020-10-12T19:16:09.099] [DEBUG] cheese - admin
[2020-10-12T19:16:09.101] [DEBUG] cheese - null
[2020-10-12T19:16:09.101] [DEBUG] cheese - null
[2020-10-12T22:25:01.163] [DEBUG] cheese - login => username:admin,password:123456
[2020-10-12T22:25:01.163] [DEBUG] cheese - admin
[2020-10-12T22:25:01.171] [DEBUG] cheese - null
[2020-10-12T22:25:01.171] [DEBUG] cheese - null
[2020-10-12T23:14:54.618] [DEBUG] cheese - login => username:admin,password:123456
[2020-10-12T23:14:54.618] [DEBUG] cheese - admin
[2020-10-12T23:14:54.622] [DEBUG] cheese - null
[2020-10-12T23:14:54.622] [DEBUG] cheese - null
[2020-10-13T12:59:57.155] [DEBUG] cheese - login => username:admin,password:123456
[2020-10-13T12:59:57.157] [DEBUG] cheese - admin
[2020-10-13T12:59:57.180] [DEBUG] cheese - null
[2020-10-13T12:59:57.181] [DEBUG] cheese - null
[2020-10-13T23:12:02.865] [DEBUG] cheese - login => username:adminhnn,password:123456
[2020-10-13T23:12:02.869] [DEBUG] cheese - adminhnn
[2020-10-13T23:12:02.880] [DEBUG] cheese - null
[2020-10-13T23:12:02.880] [DEBUG] cheese - null
[2020-10-13T23:12:10.183] [DEBUG] cheese - login => username:admin,password:123456
[2020-10-13T23:12:10.183] [DEBUG] cheese - admin
[2020-10-13T23:12:10.189] [DEBUG] cheese - null
[2020-10-13T23:12:10.189] [DEBUG] cheese - null
[2020-10-14T09:32:53.303] [DEBUG] cheese - login => username:admin,password:123456
[2020-10-14T09:32:53.305] [DEBUG] cheese - admin
[2020-10-14T09:32:53.327] [DEBUG] cheese - null
[2020-10-14T09:32:53.329] [DEBUG] cheese - null
[2020-10-14T11:55:12.475] [DEBUG] cheese - login => username:admin,password:123456
[2020-10-14T11:55:12.479] [DEBUG] cheese - admin
[2020-10-14T11:55:12.483] [DEBUG] cheese - null
[2020-10-14T11:55:12.483] [DEBUG] cheese - null
[2020-10-14T21:34:44.504] [DEBUG] cheese - login => username:admin1111111,password:123456
[2020-10-14T21:34:44.506] [DEBUG] cheese - admin1111111
[2020-10-14T21:34:44.526] [DEBUG] cheese - null
[2020-10-14T21:34:44.526] [DEBUG] cheese - null
[2020-10-14T21:34:58.554] [DEBUG] cheese - login => username:admin,password:123456
[2020-10-14T21:34:58.554] [DEBUG] cheese - admin
[2020-10-14T21:34:58.559] [DEBUG] cheese - null
[2020-10-14T21:34:58.559] [DEBUG] cheese - null
[2020-10-14T21:36:02.308] [DEBUG] cheese - login => username:admin,password:123456
[2020-10-14T21:36:02.308] [DEBUG] cheese - admin
[2020-10-14T21:36:02.310] [DEBUG] cheese - null
[2020-10-14T21:36:02.310] [DEBUG] cheese - null
[2020-10-14T21:45:55.429] [DEBUG] cheese - login => username:admin,password:123456
[2020-10-14T21:45:55.429] [DEBUG] cheese - admin
[2020-10-14T21:45:55.431] [DEBUG] cheese - null
[2020-10-14T21:45:55.431] [DEBUG] cheese - null
[2020-10-15T18:39:39.741] [DEBUG] cheese - login => username:admin,password:123456
[2020-10-15T18:39:39.743] [DEBUG] cheese - admin
[2020-10-15T18:39:39.763] [DEBUG] cheese - null
[2020-10-15T18:39:39.764] [DEBUG] cheese - null
[2020-10-16T13:37:37.425] [DEBUG] cheese - login => username:admin,password:123456
[2020-10-16T13:37:37.427] [DEBUG] cheese - admin
[2020-10-16T13:37:37.455] [DEBUG] cheese - null
[2020-10-16T13:37:37.455] [DEBUG] cheese - null
[2020-10-16T13:46:39.251] [DEBUG] cheese - null
[2020-10-16T13:46:45.894] [DEBUG] cheese - null
[2020-10-16T13:46:51.256] [DEBUG] cheese - null
[2020-10-16T13:47:17.784] [DEBUG] cheese - null
[2020-10-16T13:49:50.247] [DEBUG] cheese - null
[2020-10-16T13:50:06.808] [DEBUG] cheese - null
[2020-10-16T13:52:16.296] [DEBUG] cheese - null
[2020-10-17T12:33:14.169] [DEBUG] cheese - login => username:admin,password:123456
[2020-10-17T12:33:14.170] [DEBUG] cheese - admin
[2020-10-17T12:33:14.192] [DEBUG] cheese - null
[2020-10-17T12:33:14.192] [DEBUG] cheese - null
[2020-10-17T15:06:39.778] [DEBUG] cheese - login => username:admin,password:123456
[2020-10-17T15:06:39.779] [DEBUG] cheese - admin
[2020-10-17T15:06:39.791] [DEBUG] cheese - null
[2020-10-17T15:06:39.791] [DEBUG] cheese - null
[2020-10-17T21:45:00.284] [DEBUG] cheese - login => username:admin,password:123456
[2020-10-17T21:45:00.287] [DEBUG] cheese - admin
[2020-10-17T21:45:00.319] [DEBUG] cheese - null
[2020-10-17T21:45:00.319] [DEBUG] cheese - null
[2020-10-17T22:05:03.459] [DEBUG] cheese - login => username:admin,password:123456
[2020-10-17T22:05:03.459] [DEBUG] cheese - admin
[2020-10-17T22:05:03.462] [DEBUG] cheese - null
[2020-10-17T22:05:03.462] [DEBUG] cheese - null
[2020-10-18T10:17:35.924] [DEBUG] cheese - login => username:admin,password:123456
[2020-10-18T10:17:35.926] [DEBUG] cheese - admin
[2020-10-18T10:17:35.960] [DEBUG] cheese - null
[2020-10-18T10:17:35.960] [DEBUG] cheese - null
[2020-10-18T10:27:45.992] [DEBUG] cheese - login => username:admin,password:123456
[2020-10-18T10:27:45.993] [DEBUG] cheese - admin
[2020-10-18T10:27:45.997] [DEBUG] cheese - null
[2020-10-18T10:27:45.998] [DEBUG] cheese - null
[2020-10-18T12:52:04.772] [DEBUG] cheese - login => username:admin,password:123456
[2020-10-18T12:52:04.772] [DEBUG] cheese - admin
[2020-10-18T12:52:04.786] [DEBUG] cheese - null
[2020-10-18T12:52:04.786] [DEBUG] cheese - null
[2020-10-18T14:16:46.829] [DEBUG] cheese - login => username:admin,password:123456
[2020-10-18T14:16:46.831] [DEBUG] cheese - admin
[2020-10-18T14:16:46.839] [DEBUG] cheese - null
[2020-10-18T14:16:46.840] [DEBUG] cheese - null
[2020-10-18T17:50:18.963] [DEBUG] cheese - login => username:admin,password:123456
[2020-10-18T17:50:18.965] [DEBUG] cheese - admin
[2020-10-18T17:50:18.985] [DEBUG] cheese - null
[2020-10-18T17:50:18.986] [DEBUG] cheese - null
[2020-10-18T19:55:23.038] [DEBUG] cheese - login => username:admin,password:123456
[2020-10-18T19:55:23.039] [DEBUG] cheese - admin
[2020-10-18T19:55:23.060] [DEBUG] cheese - null
[2020-10-18T19:55:23.061] [DEBUG] cheese - null
[2020-10-19T11:32:14.307] [DEBUG] cheese - login => username:admin,password:123456
[2020-10-19T11:32:14.309] [DEBUG] cheese - admin
[2020-10-19T11:32:14.331] [DEBUG] cheese - null
[2020-10-19T11:32:14.331] [DEBUG] cheese - null
[2020-10-20T20:44:04.737] [DEBUG] cheese - login => username:admin,password:123456
[2020-10-20T20:44:04.741] [DEBUG] cheese - admin
[2020-10-20T20:44:04.789] [DEBUG] cheese - null
[2020-10-20T20:44:04.789] [DEBUG] cheese - null
[2020-10-21T08:31:39.216] [DEBUG] cheese - login => username:admin,password:123456
[2020-10-21T08:31:39.217] [DEBUG] cheese - admin
[2020-10-21T08:31:39.233] [DEBUG] cheese - null
[2020-10-21T08:31:39.234] [DEBUG] cheese - null
[2020-10-21T13:29:39.541] [DEBUG] cheese - login => username:admin,password:123456
[2020-10-21T13:29:39.543] [DEBUG] cheese - admin
[2020-10-21T13:29:39.577] [DEBUG] cheese - null
[2020-10-21T13:29:39.578] [DEBUG] cheese - null
[2020-10-21T15:34:19.828] [DEBUG] cheese - login => username:admin,password:123456
[2020-10-21T15:34:19.829] [DEBUG] cheese - admin
[2020-10-21T15:34:19.832] [DEBUG] cheese - null
[2020-10-21T15:34:19.833] [DEBUG] cheese - null
[2020-10-22T09:44:49.183] [DEBUG] cheese - login => username:admin,password:123456
[2020-10-22T09:44:49.185] [DEBUG] cheese - admin
[2020-10-22T09:44:49.221] [DEBUG] cheese - null
[2020-10-22T09:44:49.221] [DEBUG] cheese - null
[2020-10-22T20:19:43.419] [DEBUG] cheese - login => username:admin,password:123456
[2020-10-22T20:19:43.420] [DEBUG] cheese - admin
[2020-10-22T20:19:43.453] [DEBUG] cheese - null
[2020-10-22T20:19:43.453] [DEBUG] cheese - null
[2020-10-23T14:30:11.083] [DEBUG] cheese - login => username:admin,password:123456
[2020-10-23T14:30:11.085] [DEBUG] cheese - admin
[2020-10-23T14:30:11.121] [DEBUG] cheese - null
[2020-10-23T14:30:11.122] [DEBUG] cheese - null
[2020-10-23T20:41:24.848] [DEBUG] cheese - login => username:admin,password:123456
[2020-10-23T20:41:24.852] [DEBUG] cheese - admin
[2020-10-23T20:41:24.857] [DEBUG] cheese - null
[2020-10-23T20:41:24.857] [DEBUG] cheese - null
[2020-10-24T16:40:42.458] [DEBUG] cheese - login => username:admin,password:123456
[2020-10-24T16:40:42.459] [DEBUG] cheese - admin
[2020-10-24T16:40:42.493] [DEBUG] cheese - null
[2020-10-24T16:40:42.494] [DEBUG] cheese - null
[2020-10-26T08:30:32.914] [DEBUG] cheese - login => username:admin,password:123456
[2020-10-26T08:30:32.915] [DEBUG] cheese - admin
[2020-10-26T08:30:32.948] [DEBUG] cheese - null
[2020-10-26T08:30:32.948] [DEBUG] cheese - null
[2020-10-26T08:30:35.348] [DEBUG] cheese - login => username:admin,password:123456
[2020-10-26T08:30:35.348] [DEBUG] cheese - admin
[2020-10-26T08:30:35.351] [DEBUG] cheese - null
[2020-10-26T08:30:35.351] [DEBUG] cheese - null
[2020-11-24T15:23:01.816] [DEBUG] cheese - login => username:admin,password:123456
[2020-11-24T15:23:01.817] [DEBUG] cheese - admin
[2020-11-24T15:23:01.826] [DEBUG] cheese - null
[2020-11-24T15:23:01.827] [DEBUG] cheese - null
[2020-11-24T18:30:33.580] [DEBUG] cheese - login => username:admin4444,password:123456
[2020-11-24T18:30:33.582] [DEBUG] cheese - admin4444
[2020-11-24T18:30:33.611] [DEBUG] cheese - null
[2020-11-24T18:30:33.611] [DEBUG] cheese - null
[2020-11-24T18:30:37.995] [DEBUG] cheese - login => username:admin,password:123456
[2020-11-24T18:30:37.995] [DEBUG] cheese - admin
[2020-11-24T18:30:37.998] [DEBUG] cheese - null
[2020-11-24T18:30:37.998] [DEBUG] cheese - null
[2020-11-24T18:31:00.844] [DEBUG] cheese - login => username:admin,password:123456
[2020-11-24T18:31:00.844] [DEBUG] cheese - admin
[2020-11-24T18:31:00.848] [DEBUG] cheese - null
[2020-11-24T18:31:00.848] [DEBUG] cheese - null
[2020-11-24T18:31:04.980] [DEBUG] cheese - login => username:admin,password:123456
[2020-11-24T18:31:04.980] [DEBUG] cheese - admin
[2020-11-24T18:31:04.981] [DEBUG] cheese - null
[2020-11-24T18:31:04.981] [DEBUG] cheese - null
[2020-11-24T18:31:43.321] [DEBUG] cheese - login => username:admin,password:123456
[2020-11-24T18:31:43.321] [DEBUG] cheese - admin
[2020-11-24T18:31:43.323] [DEBUG] cheese - null
[2020-11-24T18:31:43.323] [DEBUG] cheese - null
[2021-01-08T17:19:24.311] [DEBUG] cheese - login => username:admin,password:123456
[2021-01-08T17:19:24.313] [DEBUG] cheese - admin
[2021-01-08T17:19:24.336] [DEBUG] cheese - null
[2021-01-08T17:19:24.336] [DEBUG] cheese - null
